2025-03-11 00:53:26,033 [Worker-0: Loading available Gradle versions] INFO  o.e.b.c.i.u.g.PublishedGradleVersions - Gradle version information cache is not available. Remote download required.
2025-03-11 01:02:59,870 [Worker-1: Launching mavenrun-a6ea3591-d525-4e38-b8fe-06f66be0d675] INFO  o.eclipse.m2e.core.internal.Bundles - getClasspathEntries(Bundle=org.eclipse.m2e.maven.runtime_3.9.900.20240824-1409 [359])
2025-03-11 01:02:59,873 [Worker-1: Launching mavenrun-a6ea3591-d525-4e38-b8fe-06f66be0d675] INFO  o.eclipse.m2e.core.internal.Bundles - 	Entry: C:\Users\Dell\Desktop\J\Y2S1\COMP303\spring-tool\sts-4.25.0.RELEASE\plugins\org.eclipse.m2e.maven.runtime_3.9.900.20240824-1409
2025-03-11 01:02:59,874 [Worker-1: Launching mavenrun-a6ea3591-d525-4e38-b8fe-06f66be0d675] INFO  o.eclipse.m2e.core.internal.Bundles - 	Entry: C:\Users\Dell\Desktop\J\Y2S1\COMP303\spring-tool\sts-4.25.0.RELEASE\plugins\org.eclipse.m2e.maven.runtime_3.9.900.20240824-1409\jars\aopalliance-1.0.jar
2025-03-11 01:02:59,874 [Worker-1: Launching mavenrun-a6ea3591-d525-4e38-b8fe-06f66be0d675] INFO  o.eclipse.m2e.core.internal.Bundles - 	Entry: C:\Users\Dell\Desktop\J\Y2S1\COMP303\spring-tool\sts-4.25.0.RELEASE\plugins\org.eclipse.m2e.maven.runtime_3.9.900.20240824-1409\jars\guice-5.1.0.jar
2025-03-11 01:02:59,875 [Worker-1: Launching mavenrun-a6ea3591-d525-4e38-b8fe-06f66be0d675] INFO  o.eclipse.m2e.core.internal.Bundles - 	Entry: C:\Users\Dell\Desktop\J\Y2S1\COMP303\spring-tool\sts-4.25.0.RELEASE\plugins\org.eclipse.m2e.maven.runtime_3.9.900.20240824-1409\jars\httpclient-4.5.14.jar
2025-03-11 01:02:59,875 [Worker-1: Launching mavenrun-a6ea3591-d525-4e38-b8fe-06f66be0d675] INFO  o.eclipse.m2e.core.internal.Bundles - 	Entry: C:\Users\Dell\Desktop\J\Y2S1\COMP303\spring-tool\sts-4.25.0.RELEASE\plugins\org.eclipse.m2e.maven.runtime_3.9.900.20240824-1409\jars\httpcore-4.4.16.jar
2025-03-11 01:02:59,875 [Worker-1: Launching mavenrun-a6ea3591-d525-4e38-b8fe-06f66be0d675] INFO  o.eclipse.m2e.core.internal.Bundles - 	Entry: C:\Users\Dell\Desktop\J\Y2S1\COMP303\spring-tool\sts-4.25.0.RELEASE\plugins\org.eclipse.m2e.maven.runtime_3.9.900.20240824-1409\jars\jansi-2.4.1.jar
2025-03-11 01:02:59,875 [Worker-1: Launching mavenrun-a6ea3591-d525-4e38-b8fe-06f66be0d675] INFO  o.eclipse.m2e.core.internal.Bundles - 	Entry: C:\Users\Dell\Desktop\J\Y2S1\COMP303\spring-tool\sts-4.25.0.RELEASE\plugins\org.eclipse.m2e.maven.runtime_3.9.900.20240824-1409\jars\jcl-over-slf4j-1.7.36.jar
2025-03-11 01:02:59,875 [Worker-1: Launching mavenrun-a6ea3591-d525-4e38-b8fe-06f66be0d675] INFO  o.eclipse.m2e.core.internal.Bundles - 	Entry: C:\Users\Dell\Desktop\J\Y2S1\COMP303\spring-tool\sts-4.25.0.RELEASE\plugins\org.eclipse.m2e.maven.runtime_3.9.900.20240824-1409\jars\maven-artifact-3.9.9.jar
2025-03-11 01:02:59,876 [Worker-1: Launching mavenrun-a6ea3591-d525-4e38-b8fe-06f66be0d675] INFO  o.eclipse.m2e.core.internal.Bundles - 	Entry: C:\Users\Dell\Desktop\J\Y2S1\COMP303\spring-tool\sts-4.25.0.RELEASE\plugins\org.eclipse.m2e.maven.runtime_3.9.900.20240824-1409\jars\maven-builder-support-3.9.9.jar
2025-03-11 01:02:59,876 [Worker-1: Launching mavenrun-a6ea3591-d525-4e38-b8fe-06f66be0d675] INFO  o.eclipse.m2e.core.internal.Bundles - 	Entry: C:\Users\Dell\Desktop\J\Y2S1\COMP303\spring-tool\sts-4.25.0.RELEASE\plugins\org.eclipse.m2e.maven.runtime_3.9.900.20240824-1409\jars\maven-compat-3.9.9.jar
2025-03-11 01:02:59,876 [Worker-1: Launching mavenrun-a6ea3591-d525-4e38-b8fe-06f66be0d675] INFO  o.eclipse.m2e.core.internal.Bundles - 	Entry: C:\Users\Dell\Desktop\J\Y2S1\COMP303\spring-tool\sts-4.25.0.RELEASE\plugins\org.eclipse.m2e.maven.runtime_3.9.900.20240824-1409\jars\maven-core-3.9.9.jar
2025-03-11 01:02:59,876 [Worker-1: Launching mavenrun-a6ea3591-d525-4e38-b8fe-06f66be0d675] INFO  o.eclipse.m2e.core.internal.Bundles - 	Entry: C:\Users\Dell\Desktop\J\Y2S1\COMP303\spring-tool\sts-4.25.0.RELEASE\plugins\org.eclipse.m2e.maven.runtime_3.9.900.20240824-1409\jars\maven-embedder-3.9.9.jar
2025-03-11 01:02:59,876 [Worker-1: Launching mavenrun-a6ea3591-d525-4e38-b8fe-06f66be0d675] INFO  o.eclipse.m2e.core.internal.Bundles - 	Entry: C:\Users\Dell\Desktop\J\Y2S1\COMP303\spring-tool\sts-4.25.0.RELEASE\plugins\org.eclipse.m2e.maven.runtime_3.9.900.20240824-1409\jars\maven-model-3.9.9.jar
2025-03-11 01:02:59,876 [Worker-1: Launching mavenrun-a6ea3591-d525-4e38-b8fe-06f66be0d675] INFO  o.eclipse.m2e.core.internal.Bundles - 	Entry: C:\Users\Dell\Desktop\J\Y2S1\COMP303\spring-tool\sts-4.25.0.RELEASE\plugins\org.eclipse.m2e.maven.runtime_3.9.900.20240824-1409\jars\maven-model-builder-3.9.9.jar
2025-03-11 01:02:59,876 [Worker-1: Launching mavenrun-a6ea3591-d525-4e38-b8fe-06f66be0d675] INFO  o.eclipse.m2e.core.internal.Bundles - 	Entry: C:\Users\Dell\Desktop\J\Y2S1\COMP303\spring-tool\sts-4.25.0.RELEASE\plugins\org.eclipse.m2e.maven.runtime_3.9.900.20240824-1409\jars\maven-plugin-api-3.9.9.jar
2025-03-11 01:02:59,877 [Worker-1: Launching mavenrun-a6ea3591-d525-4e38-b8fe-06f66be0d675] INFO  o.eclipse.m2e.core.internal.Bundles - 	Entry: C:\Users\Dell\Desktop\J\Y2S1\COMP303\spring-tool\sts-4.25.0.RELEASE\plugins\org.eclipse.m2e.maven.runtime_3.9.900.20240824-1409\jars\maven-repository-metadata-3.9.9.jar
2025-03-11 01:02:59,877 [Worker-1: Launching mavenrun-a6ea3591-d525-4e38-b8fe-06f66be0d675] INFO  o.eclipse.m2e.core.internal.Bundles - 	Entry: C:\Users\Dell\Desktop\J\Y2S1\COMP303\spring-tool\sts-4.25.0.RELEASE\plugins\org.eclipse.m2e.maven.runtime_3.9.900.20240824-1409\jars\maven-resolver-api-1.9.22.jar
2025-03-11 01:02:59,877 [Worker-1: Launching mavenrun-a6ea3591-d525-4e38-b8fe-06f66be0d675] INFO  o.eclipse.m2e.core.internal.Bundles - 	Entry: C:\Users\Dell\Desktop\J\Y2S1\COMP303\spring-tool\sts-4.25.0.RELEASE\plugins\org.eclipse.m2e.maven.runtime_3.9.900.20240824-1409\jars\maven-resolver-connector-basic-1.9.22.jar
2025-03-11 01:02:59,877 [Worker-1: Launching mavenrun-a6ea3591-d525-4e38-b8fe-06f66be0d675] INFO  o.eclipse.m2e.core.internal.Bundles - 	Entry: C:\Users\Dell\Desktop\J\Y2S1\COMP303\spring-tool\sts-4.25.0.RELEASE\plugins\org.eclipse.m2e.maven.runtime_3.9.900.20240824-1409\jars\maven-resolver-impl-1.9.22.jar
2025-03-11 01:02:59,877 [Worker-1: Launching mavenrun-a6ea3591-d525-4e38-b8fe-06f66be0d675] INFO  o.eclipse.m2e.core.internal.Bundles - 	Entry: C:\Users\Dell\Desktop\J\Y2S1\COMP303\spring-tool\sts-4.25.0.RELEASE\plugins\org.eclipse.m2e.maven.runtime_3.9.900.20240824-1409\jars\maven-resolver-named-locks-1.9.22.jar
2025-03-11 01:02:59,878 [Worker-1: Launching mavenrun-a6ea3591-d525-4e38-b8fe-06f66be0d675] INFO  o.eclipse.m2e.core.internal.Bundles - 	Entry: C:\Users\Dell\Desktop\J\Y2S1\COMP303\spring-tool\sts-4.25.0.RELEASE\plugins\org.eclipse.m2e.maven.runtime_3.9.900.20240824-1409\jars\maven-resolver-provider-3.9.9.jar
2025-03-11 01:02:59,878 [Worker-1: Launching mavenrun-a6ea3591-d525-4e38-b8fe-06f66be0d675] INFO  o.eclipse.m2e.core.internal.Bundles - 	Entry: C:\Users\Dell\Desktop\J\Y2S1\COMP303\spring-tool\sts-4.25.0.RELEASE\plugins\org.eclipse.m2e.maven.runtime_3.9.900.20240824-1409\jars\maven-resolver-spi-1.9.22.jar
2025-03-11 01:02:59,878 [Worker-1: Launching mavenrun-a6ea3591-d525-4e38-b8fe-06f66be0d675] INFO  o.eclipse.m2e.core.internal.Bundles - 	Entry: C:\Users\Dell\Desktop\J\Y2S1\COMP303\spring-tool\sts-4.25.0.RELEASE\plugins\org.eclipse.m2e.maven.runtime_3.9.900.20240824-1409\jars\maven-resolver-transport-file-1.9.22.jar
2025-03-11 01:02:59,878 [Worker-1: Launching mavenrun-a6ea3591-d525-4e38-b8fe-06f66be0d675] INFO  o.eclipse.m2e.core.internal.Bundles - 	Entry: C:\Users\Dell\Desktop\J\Y2S1\COMP303\spring-tool\sts-4.25.0.RELEASE\plugins\org.eclipse.m2e.maven.runtime_3.9.900.20240824-1409\jars\maven-resolver-transport-http-1.9.22.jar
2025-03-11 01:02:59,879 [Worker-1: Launching mavenrun-a6ea3591-d525-4e38-b8fe-06f66be0d675] INFO  o.eclipse.m2e.core.internal.Bundles - 	Entry: C:\Users\Dell\Desktop\J\Y2S1\COMP303\spring-tool\sts-4.25.0.RELEASE\plugins\org.eclipse.m2e.maven.runtime_3.9.900.20240824-1409\jars\maven-resolver-transport-wagon-1.9.22.jar
2025-03-11 01:02:59,879 [Worker-1: Launching mavenrun-a6ea3591-d525-4e38-b8fe-06f66be0d675] INFO  o.eclipse.m2e.core.internal.Bundles - 	Entry: C:\Users\Dell\Desktop\J\Y2S1\COMP303\spring-tool\sts-4.25.0.RELEASE\plugins\org.eclipse.m2e.maven.runtime_3.9.900.20240824-1409\jars\maven-resolver-util-1.9.22.jar
2025-03-11 01:02:59,879 [Worker-1: Launching mavenrun-a6ea3591-d525-4e38-b8fe-06f66be0d675] INFO  o.eclipse.m2e.core.internal.Bundles - 	Entry: C:\Users\Dell\Desktop\J\Y2S1\COMP303\spring-tool\sts-4.25.0.RELEASE\plugins\org.eclipse.m2e.maven.runtime_3.9.900.20240824-1409\jars\maven-settings-3.9.9.jar
2025-03-11 01:02:59,879 [Worker-1: Launching mavenrun-a6ea3591-d525-4e38-b8fe-06f66be0d675] INFO  o.eclipse.m2e.core.internal.Bundles - 	Entry: C:\Users\Dell\Desktop\J\Y2S1\COMP303\spring-tool\sts-4.25.0.RELEASE\plugins\org.eclipse.m2e.maven.runtime_3.9.900.20240824-1409\jars\maven-settings-builder-3.9.9.jar
2025-03-11 01:02:59,880 [Worker-1: Launching mavenrun-a6ea3591-d525-4e38-b8fe-06f66be0d675] INFO  o.eclipse.m2e.core.internal.Bundles - 	Entry: C:\Users\Dell\Desktop\J\Y2S1\COMP303\spring-tool\sts-4.25.0.RELEASE\plugins\org.eclipse.m2e.maven.runtime_3.9.900.20240824-1409\jars\maven-shared-utils-3.4.2.jar
2025-03-11 01:02:59,880 [Worker-1: Launching mavenrun-a6ea3591-d525-4e38-b8fe-06f66be0d675] INFO  o.eclipse.m2e.core.internal.Bundles - 	Entry: C:\Users\Dell\Desktop\J\Y2S1\COMP303\spring-tool\sts-4.25.0.RELEASE\plugins\org.eclipse.m2e.maven.runtime_3.9.900.20240824-1409\jars\org.eclipse.sisu.inject-0.9.0.M3.jar
2025-03-11 01:02:59,880 [Worker-1: Launching mavenrun-a6ea3591-d525-4e38-b8fe-06f66be0d675] INFO  o.eclipse.m2e.core.internal.Bundles - 	Entry: C:\Users\Dell\Desktop\J\Y2S1\COMP303\spring-tool\sts-4.25.0.RELEASE\plugins\org.eclipse.m2e.maven.runtime_3.9.900.20240824-1409\jars\org.eclipse.sisu.plexus-0.9.0.M3.jar
2025-03-11 01:02:59,880 [Worker-1: Launching mavenrun-a6ea3591-d525-4e38-b8fe-06f66be0d675] INFO  o.eclipse.m2e.core.internal.Bundles - 	Entry: C:\Users\Dell\Desktop\J\Y2S1\COMP303\spring-tool\sts-4.25.0.RELEASE\plugins\org.eclipse.m2e.maven.runtime_3.9.900.20240824-1409\jars\plexus-build-api-0.0.7.jar
2025-03-11 01:02:59,880 [Worker-1: Launching mavenrun-a6ea3591-d525-4e38-b8fe-06f66be0d675] INFO  o.eclipse.m2e.core.internal.Bundles - 	Entry: C:\Users\Dell\Desktop\J\Y2S1\COMP303\spring-tool\sts-4.25.0.RELEASE\plugins\org.eclipse.m2e.maven.runtime_3.9.900.20240824-1409\jars\plexus-build-api-1.2.0.jar
2025-03-11 01:02:59,881 [Worker-1: Launching mavenrun-a6ea3591-d525-4e38-b8fe-06f66be0d675] INFO  o.eclipse.m2e.core.internal.Bundles - 	Entry: C:\Users\Dell\Desktop\J\Y2S1\COMP303\spring-tool\sts-4.25.0.RELEASE\plugins\org.eclipse.m2e.maven.runtime_3.9.900.20240824-1409\jars\plexus-cipher-2.0.jar
2025-03-11 01:02:59,881 [Worker-1: Launching mavenrun-a6ea3591-d525-4e38-b8fe-06f66be0d675] INFO  o.eclipse.m2e.core.internal.Bundles - 	Entry: C:\Users\Dell\Desktop\J\Y2S1\COMP303\spring-tool\sts-4.25.0.RELEASE\plugins\org.eclipse.m2e.maven.runtime_3.9.900.20240824-1409\jars\plexus-classworlds-2.8.0.jar
2025-03-11 01:02:59,881 [Worker-1: Launching mavenrun-a6ea3591-d525-4e38-b8fe-06f66be0d675] INFO  o.eclipse.m2e.core.internal.Bundles - 	Entry: C:\Users\Dell\Desktop\J\Y2S1\COMP303\spring-tool\sts-4.25.0.RELEASE\plugins\org.eclipse.m2e.maven.runtime_3.9.900.20240824-1409\jars\plexus-component-annotations-2.1.0.jar
2025-03-11 01:02:59,881 [Worker-1: Launching mavenrun-a6ea3591-d525-4e38-b8fe-06f66be0d675] INFO  o.eclipse.m2e.core.internal.Bundles - 	Entry: C:\Users\Dell\Desktop\J\Y2S1\COMP303\spring-tool\sts-4.25.0.RELEASE\plugins\org.eclipse.m2e.maven.runtime_3.9.900.20240824-1409\jars\plexus-interpolation-1.27.jar
2025-03-11 01:02:59,882 [Worker-1: Launching mavenrun-a6ea3591-d525-4e38-b8fe-06f66be0d675] INFO  o.eclipse.m2e.core.internal.Bundles - 	Entry: C:\Users\Dell\Desktop\J\Y2S1\COMP303\spring-tool\sts-4.25.0.RELEASE\plugins\org.eclipse.m2e.maven.runtime_3.9.900.20240824-1409\jars\plexus-sec-dispatcher-2.0.jar
2025-03-11 01:02:59,882 [Worker-1: Launching mavenrun-a6ea3591-d525-4e38-b8fe-06f66be0d675] INFO  o.eclipse.m2e.core.internal.Bundles - 	Entry: C:\Users\Dell\Desktop\J\Y2S1\COMP303\spring-tool\sts-4.25.0.RELEASE\plugins\org.eclipse.m2e.maven.runtime_3.9.900.20240824-1409\jars\plexus-utils-3.5.1.jar
2025-03-11 01:02:59,882 [Worker-1: Launching mavenrun-a6ea3591-d525-4e38-b8fe-06f66be0d675] INFO  o.eclipse.m2e.core.internal.Bundles - 	Entry: C:\Users\Dell\Desktop\J\Y2S1\COMP303\spring-tool\sts-4.25.0.RELEASE\plugins\org.eclipse.m2e.maven.runtime_3.9.900.20240824-1409\jars\plexus-xml-3.0.1.jar
2025-03-11 01:02:59,882 [Worker-1: Launching mavenrun-a6ea3591-d525-4e38-b8fe-06f66be0d675] INFO  o.eclipse.m2e.core.internal.Bundles - 	Entry: C:\Users\Dell\Desktop\J\Y2S1\COMP303\spring-tool\sts-4.25.0.RELEASE\plugins\org.eclipse.m2e.maven.runtime_3.9.900.20240824-1409\jars\wagon-file-3.5.3.jar
2025-03-11 01:02:59,883 [Worker-1: Launching mavenrun-a6ea3591-d525-4e38-b8fe-06f66be0d675] INFO  o.eclipse.m2e.core.internal.Bundles - 	Entry: C:\Users\Dell\Desktop\J\Y2S1\COMP303\spring-tool\sts-4.25.0.RELEASE\plugins\org.eclipse.m2e.maven.runtime_3.9.900.20240824-1409\jars\wagon-http-3.5.3.jar
2025-03-11 01:02:59,883 [Worker-1: Launching mavenrun-a6ea3591-d525-4e38-b8fe-06f66be0d675] INFO  o.eclipse.m2e.core.internal.Bundles - 	Entry: C:\Users\Dell\Desktop\J\Y2S1\COMP303\spring-tool\sts-4.25.0.RELEASE\plugins\org.eclipse.m2e.maven.runtime_3.9.900.20240824-1409\jars\wagon-http-shared-3.5.3.jar
2025-03-11 01:02:59,883 [Worker-1: Launching mavenrun-a6ea3591-d525-4e38-b8fe-06f66be0d675] INFO  o.eclipse.m2e.core.internal.Bundles - 	Entry: C:\Users\Dell\Desktop\J\Y2S1\COMP303\spring-tool\sts-4.25.0.RELEASE\plugins\org.eclipse.m2e.maven.runtime_3.9.900.20240824-1409\jars\wagon-provider-api-3.5.3.jar
2025-03-11 01:02:59,885 [Worker-1: Launching mavenrun-a6ea3591-d525-4e38-b8fe-06f66be0d675] INFO  o.eclipse.m2e.core.internal.Bundles - getClasspathEntries(Bundle=com.google.guava_33.3.0.jre [29])
2025-03-11 01:02:59,886 [Worker-1: Launching mavenrun-a6ea3591-d525-4e38-b8fe-06f66be0d675] INFO  o.eclipse.m2e.core.internal.Bundles - 	Entry: C:\Users\Dell\Desktop\J\Y2S1\COMP303\spring-tool\sts-4.25.0.RELEASE\plugins\com.google.guava_33.3.0.jre.jar
2025-03-11 01:02:59,886 [Worker-1: Launching mavenrun-a6ea3591-d525-4e38-b8fe-06f66be0d675] INFO  o.eclipse.m2e.core.internal.Bundles - getClasspathEntries(Bundle=slf4j.api_2.0.16 [592])
2025-03-11 01:02:59,887 [Worker-1: Launching mavenrun-a6ea3591-d525-4e38-b8fe-06f66be0d675] INFO  o.eclipse.m2e.core.internal.Bundles - 	Entry: C:\Users\Dell\Desktop\J\Y2S1\COMP303\spring-tool\sts-4.25.0.RELEASE\plugins\slf4j.api_2.0.16.jar
2025-03-11 01:02:59,887 [Worker-1: Launching mavenrun-a6ea3591-d525-4e38-b8fe-06f66be0d675] INFO  o.eclipse.m2e.core.internal.Bundles - getClasspathEntries(Bundle=jakarta.inject.jakarta.inject-api_1.0.5 [45])
2025-03-11 01:02:59,888 [Worker-1: Launching mavenrun-a6ea3591-d525-4e38-b8fe-06f66be0d675] INFO  o.eclipse.m2e.core.internal.Bundles - 	Entry: C:\Users\Dell\Desktop\J\Y2S1\COMP303\spring-tool\sts-4.25.0.RELEASE\plugins\jakarta.inject.jakarta.inject-api_1.0.5.jar
2025-03-11 01:02:59,888 [Worker-1: Launching mavenrun-a6ea3591-d525-4e38-b8fe-06f66be0d675] INFO  o.eclipse.m2e.core.internal.Bundles - getClasspathEntries(Bundle=jakarta.annotation-api_1.3.5 [41])
2025-03-11 01:02:59,889 [Worker-1: Launching mavenrun-a6ea3591-d525-4e38-b8fe-06f66be0d675] INFO  o.eclipse.m2e.core.internal.Bundles - 	Entry: C:\Users\Dell\Desktop\J\Y2S1\COMP303\spring-tool\sts-4.25.0.RELEASE\plugins\jakarta.annotation-api_1.3.5.jar
2025-03-11 01:02:59,889 [Worker-1: Launching mavenrun-a6ea3591-d525-4e38-b8fe-06f66be0d675] INFO  o.eclipse.m2e.core.internal.Bundles - getClasspathEntries(Bundle=org.apache.commons.cli_1.9.0 [77])
2025-03-11 01:02:59,889 [Worker-1: Launching mavenrun-a6ea3591-d525-4e38-b8fe-06f66be0d675] INFO  o.eclipse.m2e.core.internal.Bundles - 	Entry: C:\Users\Dell\Desktop\J\Y2S1\COMP303\spring-tool\sts-4.25.0.RELEASE\plugins\org.apache.commons.cli_1.9.0.jar
2025-03-11 01:02:59,890 [Worker-1: Launching mavenrun-a6ea3591-d525-4e38-b8fe-06f66be0d675] INFO  o.eclipse.m2e.core.internal.Bundles - getClasspathEntries(Bundle=org.apache.commons.commons-codec_1.16.0 [80])
2025-03-11 01:02:59,890 [Worker-1: Launching mavenrun-a6ea3591-d525-4e38-b8fe-06f66be0d675] INFO  o.eclipse.m2e.core.internal.Bundles - 	Entry: C:\Users\Dell\Desktop\J\Y2S1\COMP303\spring-tool\sts-4.25.0.RELEASE\plugins\org.apache.commons.commons-codec_1.16.0.jar
2025-03-11 01:02:59,890 [Worker-1: Launching mavenrun-a6ea3591-d525-4e38-b8fe-06f66be0d675] INFO  o.eclipse.m2e.core.internal.Bundles - getClasspathEntries(Bundle=com.google.guava.failureaccess_1.0.2 [30])
2025-03-11 01:02:59,891 [Worker-1: Launching mavenrun-a6ea3591-d525-4e38-b8fe-06f66be0d675] INFO  o.eclipse.m2e.core.internal.Bundles - 	Entry: C:\Users\Dell\Desktop\J\Y2S1\COMP303\spring-tool\sts-4.25.0.RELEASE\plugins\com.google.guava.failureaccess_1.0.2.jar
2025-03-11 01:02:59,901 [Worker-1: Launching mavenrun-a6ea3591-d525-4e38-b8fe-06f66be0d675] INFO  o.e.m.i.launch.MavenLaunchDelegate - Run build in "C:\Users\Dell\AppData\Local\Temp\m2e-archetypeGenerator16189271634270805281":
2025-03-11 01:02:59,906 [Worker-1: Launching mavenrun-a6ea3591-d525-4e38-b8fe-06f66be0d675] INFO  o.e.m.i.launch.MavenLaunchDelegate -  mvn  -DarchetypeGroupId=org.apache.maven.archetypes -DarchetypeArtifactId=maven-archetype-webapp -DarchetypeVersion=1.0 -DgroupId=com.example -DartifactId=comp367-webapp -Dversion=0.0.1-SNAPSHOT -Dpackage=com.example.comp367_webapp -DoutputDirectory=C:\Users\Dell\Desktop\COMP367\Lab3\webApp -Dstyle.color=always -U archetype:generate
2025-03-11 01:06:22,311 [Worker-12: Creating maven-archetype-webapp] INFO  o.e.m.c.i.p.ProjectConfigurationManager - Collecting project info '/pom.xml' C:\Users\Dell\Desktop\COMP367\Lab3\webApp\comp367-webapp\pom.xml
2025-03-11 01:06:23,483 [Worker-12: Creating maven-archetype-webapp] INFO  o.e.m.c.i.l.LifecycleMappingFactory - Using org.maven.ide.eclipse.wtp.WarLifecycleMapping lifecycle mapping for MavenProject: com.example:comp367-webapp:0.0.1-SNAPSHOT @ C:\Users\Dell\Desktop\COMP367\Lab3\webApp\comp367-webapp\pom.xml.
2025-03-11 01:06:25,330 [Worker-12: Creating maven-archetype-webapp] INFO  o.e.m.j.i.AbstractJavaProjectConfigurator - Adding source folder /comp367-webapp/src/main/java
2025-03-11 01:06:25,333 [Worker-12: Creating maven-archetype-webapp] INFO  o.e.m.j.i.AbstractJavaProjectConfigurator - Adding resource folder /comp367-webapp/src/main/resources
2025-03-11 01:06:25,335 [Worker-12: Creating maven-archetype-webapp] INFO  o.e.m.j.i.AbstractJavaProjectConfigurator - Adding source folder /comp367-webapp/src/test/java
2025-03-11 01:06:25,337 [Worker-12: Creating maven-archetype-webapp] INFO  o.e.m.j.i.AbstractJavaProjectConfigurator - Adding resource folder /comp367-webapp/src/test/resources
2025-03-11 01:06:26,452 [Worker-12: Creating maven-archetype-webapp] INFO  o.e.m.c.i.p.ProjectConfigurationManager - Imported and configured 1 project(s) in 4 sec
2025-03-11 01:06:27,673 [Worker-14: Building] WARN  o.a.m.s.f.DefaultMavenResourcesFiltering - Using platform encoding (UTF-8 actually) to copy filtered resources, i.e. build is platform dependent!
2025-03-11 01:06:27,683 [Worker-14: Building] INFO  o.a.m.s.f.DefaultMavenResourcesFiltering - Copying 0 resource from src\main\resources to target\classes
2025-03-11 01:06:27,688 [Worker-14: Building] WARN  o.a.m.s.f.DefaultMavenResourcesFiltering - Using platform encoding (UTF-8 actually) to copy filtered resources, i.e. build is platform dependent!
2025-03-11 01:06:27,690 [Worker-14: Building] INFO  o.a.m.s.f.DefaultMavenResourcesFiltering - skip non existing resourceDirectory C:\Users\Dell\Desktop\COMP367\Lab3\webApp\comp367-webapp\src\test\resources
2025-03-11 01:07:25,167 [Worker-11: Building] WARN  o.a.m.s.f.DefaultMavenResourcesFiltering - Using platform encoding (UTF-8 actually) to copy filtered resources, i.e. build is platform dependent!
2025-03-11 01:07:25,174 [Worker-11: Building] INFO  o.a.m.s.f.DefaultMavenResourcesFiltering - Copying 0 resource from src\main\resources to target\classes
2025-03-11 01:07:25,180 [Worker-11: Building] WARN  o.a.m.s.f.DefaultMavenResourcesFiltering - Using platform encoding (UTF-8 actually) to copy filtered resources, i.e. build is platform dependent!
2025-03-11 01:07:25,181 [Worker-11: Building] INFO  o.a.m.s.f.DefaultMavenResourcesFiltering - skip non existing resourceDirectory C:\Users\Dell\Desktop\COMP367\Lab3\webApp\comp367-webapp\src\test\resources
